[1.114s] Invoking command in '/root/HearoROS/src/lader_sensor': PYTHONPATH=/root/HearoROS/src/lader_sensor/build/lader_sensor/prefix_override:/root/HearoROS/src/lader_sensor/install/lader_sensor/lib/python3.10/site-packages:${PYTHONPATH} /usr/bin/python3 setup.py egg_info --egg-base build/lader_sensor build --build-base /root/HearoROS/src/lader_sensor/build/lader_sensor/build install --record /root/HearoROS/src/lader_sensor/build/lader_sensor/install.log --single-version-externally-managed
[1.421s] running egg_info
[1.421s] creating build/lader_sensor/lader_sensor.egg-info
[1.421s] writing build/lader_sensor/lader_sensor.egg-info/PKG-INFO
[1.421s] writing dependency_links to build/lader_sensor/lader_sensor.egg-info/dependency_links.txt
[1.421s] writing entry points to build/lader_sensor/lader_sensor.egg-info/entry_points.txt
[1.421s] writing requirements to build/lader_sensor/lader_sensor.egg-info/requires.txt
[1.421s] writing top-level names to build/lader_sensor/lader_sensor.egg-info/top_level.txt
[1.422s] writing manifest file 'build/lader_sensor/lader_sensor.egg-info/SOURCES.txt'
[1.424s] reading manifest file 'build/lader_sensor/lader_sensor.egg-info/SOURCES.txt'
[1.425s] writing manifest file 'build/lader_sensor/lader_sensor.egg-info/SOURCES.txt'
[1.425s] running build
[1.425s] running build_py
[1.425s] creating /root/HearoROS/src/lader_sensor/build/lader_sensor/build
[1.425s] creating /root/HearoROS/src/lader_sensor/build/lader_sensor/build/lib
[1.425s] creating /root/HearoROS/src/lader_sensor/build/lader_sensor/build/lib/lader_sensor
[1.425s] copying lader_sensor/__init__.py -> /root/HearoROS/src/lader_sensor/build/lader_sensor/build/lib/lader_sensor
[1.425s] copying lader_sensor/lader_avoidance.py -> /root/HearoROS/src/lader_sensor/build/lader_sensor/build/lib/lader_sensor
[1.425s] running install
[1.426s] /usr/lib/python3/dist-packages/setuptools/command/install.py:34: SetuptoolsDeprecationWarning: setup.py install is deprecated. Use build and pip and other standards-based tools.
[1.426s]   warnings.warn(
[1.426s] running install_lib
[1.427s] creating /root/HearoROS/src/lader_sensor/install/lader_sensor/lib/python3.10/site-packages/lader_sensor
[1.427s] copying /root/HearoROS/src/lader_sensor/build/lader_sensor/build/lib/lader_sensor/__init__.py -> /root/HearoROS/src/lader_sensor/install/lader_sensor/lib/python3.10/site-packages/lader_sensor
[1.427s] copying /root/HearoROS/src/lader_sensor/build/lader_sensor/build/lib/lader_sensor/lader_avoidance.py -> /root/HearoROS/src/lader_sensor/install/lader_sensor/lib/python3.10/site-packages/lader_sensor
[1.428s] byte-compiling /root/HearoROS/src/lader_sensor/install/lader_sensor/lib/python3.10/site-packages/lader_sensor/__init__.py to __init__.cpython-310.pyc
[1.428s] byte-compiling /root/HearoROS/src/lader_sensor/install/lader_sensor/lib/python3.10/site-packages/lader_sensor/lader_avoidance.py to lader_avoidance.cpython-310.pyc
[1.430s] running install_data
[1.433s] creating /root/HearoROS/src/lader_sensor/install/lader_sensor/share/ament_index
[1.433s] creating /root/HearoROS/src/lader_sensor/install/lader_sensor/share/ament_index/resource_index
[1.433s] creating /root/HearoROS/src/lader_sensor/install/lader_sensor/share/ament_index/resource_index/packages
[1.434s] copying resource/lader_sensor -> /root/HearoROS/src/lader_sensor/install/lader_sensor/share/ament_index/resource_index/packages
[1.434s] copying package.xml -> /root/HearoROS/src/lader_sensor/install/lader_sensor/share/lader_sensor
[1.434s] running install_egg_info
[1.436s] Copying build/lader_sensor/lader_sensor.egg-info to /root/HearoROS/src/lader_sensor/install/lader_sensor/lib/python3.10/site-packages/lader_sensor-0.0.0-py3.10.egg-info
[1.437s] running install_scripts
[1.468s] Installing laser_avoid script to /root/HearoROS/src/lader_sensor/install/lader_sensor/lib/lader_sensor
[1.468s] writing list of installed files to '/root/HearoROS/src/lader_sensor/build/lader_sensor/install.log'
[1.523s] Invoked command in '/root/HearoROS/src/lader_sensor' returned '0': PYTHONPATH=/root/HearoROS/src/lader_sensor/build/lader_sensor/prefix_override:/root/HearoROS/src/lader_sensor/install/lader_sensor/lib/python3.10/site-packages:${PYTHONPATH} /usr/bin/python3 setup.py egg_info --egg-base build/lader_sensor build --build-base /root/HearoROS/src/lader_sensor/build/lader_sensor/build install --record /root/HearoROS/src/lader_sensor/build/lader_sensor/install.log --single-version-externally-managed
