[1.416s] DEBUG:colcon:Command line arguments: ['/usr/bin/colcon', 'build', '--packages-select', 'lader_sensor']
[1.416s] DEBUG:colcon:Parsed command line arguments: Namespace(log_base=None, log_level=None, verb_name='build', build_base='build', install_base='install', merge_install=False, symlink_install=False, test_result_base=None, continue_on_error=False, executor='parallel', parallel_workers=4, event_handlers=None, ignore_user_meta=False, metas=['./colcon.meta'], base_paths=['.'], packages_ignore=None, packages_ignore_regex=None, paths=None, packages_up_to=None, packages_up_to_regex=None, packages_above=None, packages_above_and_dependencies=None, packages_above_depth=None, packages_select_by_dep=None, packages_skip_by_dep=None, packages_skip_up_to=None, packages_select_build_failed=False, packages_skip_build_finished=False, packages_select_test_failures=False, packages_skip_test_passed=False, packages_select=['lader_sensor'], packages_skip=None, packages_select_regex=None, packages_skip_regex=None, packages_start=None, packages_end=None, cmake_args=None, cmake_target=None, cmake_target_skip_unavailable=False, cmake_clean_cache=False, cmake_clean_first=False, cmake_force_configure=False, ament_cmake_args=None, catkin_cmake_args=None, catkin_skip_building_tests=False, mixin_files=None, mixin=None, verb_parser=<colcon_mixin.mixin.mixin_argument.MixinArgumentDecorator object at 0x7fff720e1690>, verb_extension=<colcon_core.verb.build.BuildVerb object at 0x7fff7207c3a0>, main=<bound method BuildVerb.main of <colcon_core.verb.build.BuildVerb object at 0x7fff7207c3a0>>, mixin_verb=('build',))
[1.472s] Level 1:colcon.colcon_core.package_discovery:discover_packages(colcon_meta) check parameters
[1.473s] INFO:colcon.colcon_metadata.package_discovery.colcon_meta:Using configuration from '/root/.colcon/metadata/default/Gazebo.meta'
[1.474s] INFO:colcon.colcon_metadata.package_discovery.colcon_meta:Using configuration from '/root/.colcon/metadata/default/fastrtps.meta'
[1.474s] Level 1:colcon.colcon_core.package_discovery:discover_packages(recursive) check parameters
[1.474s] Level 1:colcon.colcon_core.package_discovery:discover_packages(ignore) check parameters
[1.474s] Level 1:colcon.colcon_core.package_discovery:discover_packages(path) check parameters
[1.474s] Level 1:colcon.colcon_core.package_discovery:discover_packages(colcon_meta) discover
[1.474s] Level 1:colcon.colcon_core.package_discovery:discover_packages(recursive) discover
[1.474s] INFO:colcon.colcon_core.package_discovery:Crawling recursively for packages in '/root/HearoROS/src/lader_sensor'
[1.474s] Level 1:colcon.colcon_core.package_identification:_identify(.) by extensions ['ignore', 'ignore_ament_install']
[1.474s] Level 1:colcon.colcon_core.package_identification:_identify(.) by extension 'ignore'
[1.474s] Level 1:colcon.colcon_core.package_identification:_identify(.) by extension 'ignore_ament_install'
[1.474s] Level 1:colcon.colcon_core.package_identification:_identify(.) by extensions ['colcon_pkg']
[1.474s] Level 1:colcon.colcon_core.package_identification:_identify(.) by extension 'colcon_pkg'
[1.474s] Level 1:colcon.colcon_core.package_identification:_identify(.) by extensions ['colcon_meta']
[1.475s] Level 1:colcon.colcon_core.package_identification:_identify(.) by extension 'colcon_meta'
[1.475s] Level 1:colcon.colcon_core.package_identification:_identify(.) by extensions ['ros']
[1.475s] Level 1:colcon.colcon_core.package_identification:_identify(.) by extension 'ros'
[1.513s] DEBUG:colcon.colcon_core.package_identification:Package '.' with type 'ros.ament_python' and name 'lader_sensor'
[1.513s] Level 1:colcon.colcon_core.package_discovery:discover_packages(recursive) using defaults
[1.514s] Level 1:colcon.colcon_core.package_discovery:discover_packages(ignore) discover
[1.514s] Level 1:colcon.colcon_core.package_discovery:discover_packages(ignore) using defaults
[1.514s] Level 1:colcon.colcon_core.package_discovery:discover_packages(path) discover
[1.514s] Level 1:colcon.colcon_core.package_discovery:discover_packages(path) using defaults
[1.603s] Level 5:colcon.colcon_core.verb:set package 'lader_sensor' build argument 'cmake_args' from command line to 'None'
[1.603s] Level 5:colcon.colcon_core.verb:set package 'lader_sensor' build argument 'cmake_target' from command line to 'None'
[1.603s] Level 5:colcon.colcon_core.verb:set package 'lader_sensor' build argument 'cmake_target_skip_unavailable' from command line to 'False'
[1.603s] Level 5:colcon.colcon_core.verb:set package 'lader_sensor' build argument 'cmake_clean_cache' from command line to 'False'
[1.603s] Level 5:colcon.colcon_core.verb:set package 'lader_sensor' build argument 'cmake_clean_first' from command line to 'False'
[1.603s] Level 5:colcon.colcon_core.verb:set package 'lader_sensor' build argument 'cmake_force_configure' from command line to 'False'
[1.603s] Level 5:colcon.colcon_core.verb:set package 'lader_sensor' build argument 'ament_cmake_args' from command line to 'None'
[1.603s] Level 5:colcon.colcon_core.verb:set package 'lader_sensor' build argument 'catkin_cmake_args' from command line to 'None'
[1.603s] Level 5:colcon.colcon_core.verb:set package 'lader_sensor' build argument 'catkin_skip_building_tests' from command line to 'False'
[1.603s] DEBUG:colcon.colcon_core.verb:Building package 'lader_sensor' with the following arguments: {'ament_cmake_args': None, 'build_base': '/root/HearoROS/src/lader_sensor/build/lader_sensor', 'catkin_cmake_args': None, 'catkin_skip_building_tests': False, 'cmake_args': None, 'cmake_clean_cache': False, 'cmake_clean_first': False, 'cmake_force_configure': False, 'cmake_target': None, 'cmake_target_skip_unavailable': False, 'install_base': '/root/HearoROS/src/lader_sensor/install/lader_sensor', 'merge_install': False, 'path': '/root/HearoROS/src/lader_sensor', 'symlink_install': False, 'test_result_base': None}
[1.619s] INFO:colcon.colcon_core.executor:Executing jobs using 'parallel' executor
[1.636s] DEBUG:colcon.colcon_parallel_executor.executor.parallel:run_until_complete
[1.637s] INFO:colcon.colcon_ros.task.ament_python.build:Building ROS package in '/root/HearoROS/src/lader_sensor' with build type 'ament_python'
[1.637s] Level 1:colcon.colcon_core.shell:create_environment_hook('lader_sensor', 'ament_prefix_path')
[1.655s] INFO:colcon.colcon_core.plugin_system:Skipping extension 'colcon_core.shell.bat': Not used on non-Windows systems
[1.656s] INFO:colcon.colcon_core.shell:Creating environment hook '/root/HearoROS/src/lader_sensor/install/lader_sensor/share/lader_sensor/hook/ament_prefix_path.ps1'
[1.656s] INFO:colcon.colcon_core.shell:Creating environment descriptor '/root/HearoROS/src/lader_sensor/install/lader_sensor/share/lader_sensor/hook/ament_prefix_path.dsv'
[1.657s] INFO:colcon.colcon_core.shell:Creating environment hook '/root/HearoROS/src/lader_sensor/install/lader_sensor/share/lader_sensor/hook/ament_prefix_path.sh'
[1.677s] INFO:colcon.colcon_core.shell:Skip shell extension 'powershell' for command environment: Not usable outside of PowerShell
[1.677s] DEBUG:colcon.colcon_core.shell:Skip shell extension 'dsv' for command environment
[2.162s] INFO:colcon.colcon_core.task.python.build:Building Python package in '/root/HearoROS/src/lader_sensor'
[2.181s] INFO:colcon.colcon_core.shell:Skip shell extension 'powershell' for command environment: Not usable outside of PowerShell
[2.182s] DEBUG:colcon.colcon_core.shell:Skip shell extension 'dsv' for command environment
[2.750s] DEBUG:colcon.colcon_core.event_handler.log_command:Invoking command in '/root/HearoROS/src/lader_sensor': PYTHONPATH=/root/HearoROS/src/lader_sensor/build/lader_sensor/prefix_override:/root/HearoROS/src/lader_sensor/install/lader_sensor/lib/python3.10/site-packages:${PYTHONPATH} /usr/bin/python3 setup.py egg_info --egg-base build/lader_sensor build --build-base /root/HearoROS/src/lader_sensor/build/lader_sensor/build install --record /root/HearoROS/src/lader_sensor/build/lader_sensor/install.log --single-version-externally-managed
[3.160s] DEBUG:colcon.colcon_core.event_handler.log_command:Invoked command in '/root/HearoROS/src/lader_sensor' returned '0': PYTHONPATH=/root/HearoROS/src/lader_sensor/build/lader_sensor/prefix_override:/root/HearoROS/src/lader_sensor/install/lader_sensor/lib/python3.10/site-packages:${PYTHONPATH} /usr/bin/python3 setup.py egg_info --egg-base build/lader_sensor build --build-base /root/HearoROS/src/lader_sensor/build/lader_sensor/build install --record /root/HearoROS/src/lader_sensor/build/lader_sensor/install.log --single-version-externally-managed
[3.182s] Level 1:colcon.colcon_core.environment:checking '/root/HearoROS/src/lader_sensor/install/lader_sensor' for CMake module files
[3.183s] Level 1:colcon.colcon_core.environment:checking '/root/HearoROS/src/lader_sensor/install/lader_sensor' for CMake config files
[3.183s] Level 1:colcon.colcon_core.environment:checking '/root/HearoROS/src/lader_sensor/install/lader_sensor/lib'
[3.184s] Level 1:colcon.colcon_core.environment:checking '/root/HearoROS/src/lader_sensor/install/lader_sensor/bin'
[3.184s] Level 1:colcon.colcon_core.environment:checking '/root/HearoROS/src/lader_sensor/install/lader_sensor/lib/pkgconfig/lader_sensor.pc'
[3.184s] Level 1:colcon.colcon_core.environment:checking '/root/HearoROS/src/lader_sensor/install/lader_sensor/lib/python3.10/site-packages'
[3.184s] Level 1:colcon.colcon_core.shell:create_environment_hook('lader_sensor', 'pythonpath')
[3.201s] INFO:colcon.colcon_core.shell:Creating environment hook '/root/HearoROS/src/lader_sensor/install/lader_sensor/share/lader_sensor/hook/pythonpath.ps1'
[3.201s] INFO:colcon.colcon_core.shell:Creating environment descriptor '/root/HearoROS/src/lader_sensor/install/lader_sensor/share/lader_sensor/hook/pythonpath.dsv'
[3.202s] INFO:colcon.colcon_core.shell:Creating environment hook '/root/HearoROS/src/lader_sensor/install/lader_sensor/share/lader_sensor/hook/pythonpath.sh'
[3.202s] Level 1:colcon.colcon_core.environment:checking '/root/HearoROS/src/lader_sensor/install/lader_sensor/bin'
[3.202s] Level 1:colcon.colcon_core.environment:create_environment_scripts_only(lader_sensor)
[3.219s] INFO:colcon.colcon_core.shell:Creating package script '/root/HearoROS/src/lader_sensor/install/lader_sensor/share/lader_sensor/package.ps1'
[3.220s] INFO:colcon.colcon_core.shell:Creating package descriptor '/root/HearoROS/src/lader_sensor/install/lader_sensor/share/lader_sensor/package.dsv'
[3.220s] INFO:colcon.colcon_core.shell:Creating package script '/root/HearoROS/src/lader_sensor/install/lader_sensor/share/lader_sensor/package.sh'
[3.221s] INFO:colcon.colcon_core.shell:Creating package script '/root/HearoROS/src/lader_sensor/install/lader_sensor/share/lader_sensor/package.bash'
[3.222s] INFO:colcon.colcon_core.shell:Creating package script '/root/HearoROS/src/lader_sensor/install/lader_sensor/share/lader_sensor/package.zsh'
[3.223s] Level 1:colcon.colcon_core.environment:create_file_with_runtime_dependencies(/root/HearoROS/src/lader_sensor/install/lader_sensor/share/colcon-core/packages/lader_sensor)
[3.223s] DEBUG:colcon.colcon_parallel_executor.executor.parallel:closing loop
[3.223s] DEBUG:colcon.colcon_parallel_executor.executor.parallel:loop closed
[3.223s] DEBUG:colcon.colcon_parallel_executor.executor.parallel:run_until_complete finished with '0'
[3.224s] DEBUG:colcon.colcon_core.event_reactor:joining thread
[3.249s] INFO:colcon.colcon_core.plugin_system:Skipping extension 'colcon_notification.desktop_notification.notify_send': Could not find 'notify-send'
[3.249s] INFO:colcon.colcon_core.plugin_system:Skipping extension 'colcon_notification.desktop_notification.terminal_notifier': Not used on non-Darwin systems
[3.250s] INFO:colcon.colcon_core.plugin_system:Skipping extension 'colcon_notification.desktop_notification.win32': Not used on non-Windows systems
[3.250s] INFO:colcon.colcon_notification.desktop_notification:Sending desktop notification using 'notify2'
[3.253s] DEBUG:colcon.colcon_notification.desktop_notification.notify2:Failed to initialize notify2: org.freedesktop.DBus.Error.Spawn.ExecFailed: /usr/bin/dbus-launch terminated abnormally without any error message
[3.254s] DEBUG:colcon.colcon_core.event_reactor:joined thread
[3.276s] INFO:colcon.colcon_core.shell:Creating prefix script '/root/HearoROS/src/lader_sensor/install/local_setup.ps1'
[3.278s] INFO:colcon.colcon_core.shell:Creating prefix util module '/root/HearoROS/src/lader_sensor/install/_local_setup_util_ps1.py'
[3.279s] INFO:colcon.colcon_core.shell:Creating prefix chain script '/root/HearoROS/src/lader_sensor/install/setup.ps1'
[3.299s] INFO:colcon.colcon_core.shell:Creating prefix script '/root/HearoROS/src/lader_sensor/install/local_setup.sh'
[3.300s] INFO:colcon.colcon_core.shell:Creating prefix util module '/root/HearoROS/src/lader_sensor/install/_local_setup_util_sh.py'
[3.300s] INFO:colcon.colcon_core.shell:Creating prefix chain script '/root/HearoROS/src/lader_sensor/install/setup.sh'
[3.320s] INFO:colcon.colcon_core.shell:Creating prefix script '/root/HearoROS/src/lader_sensor/install/local_setup.bash'
[3.320s] INFO:colcon.colcon_core.shell:Creating prefix chain script '/root/HearoROS/src/lader_sensor/install/setup.bash'
[3.339s] INFO:colcon.colcon_core.shell:Creating prefix script '/root/HearoROS/src/lader_sensor/install/local_setup.zsh'
[3.340s] INFO:colcon.colcon_core.shell:Creating prefix chain script '/root/HearoROS/src/lader_sensor/install/setup.zsh'
